-6.66203 -6.66184
-6.65847 -6.65799
-6.65136 -6.65058
-6.64272 -6.64171
-6.6348 -6.63371
-6.62932 -6.62835
-6.62692 -6.62626
-6.62711 -6.62686
-6.62866 -6.62883
-6.63019 -6.63069
-6.63065 -6.63137
-6.62956 -6.63042
-6.62699 -6.62802
-6.62349 -6.62475
-6.61988 -6.62146
-6.61705 -6.619
-6.61574 -6.61799
-6.6163 -6.6187
-6.61863 -6.62096
-6.62223 -6.62424
-6.62632 -6.62781
-6.63007 -6.63094
-6.63276 -6.63307
-6.63381 -6.63372
-6.63273 -6.63249
-6.62925 -6.62903
-6.62358 -6.62345
-6.61669 -6.61665
-6.61019 -6.61022
-6.60571 -6.60589
-6.6043 -6.60476
-6.60593 -6.60683
-6.60957 -6.61098
-6.61362 -6.61545
-6.61649 -6.6185
-6.61705 -6.61895
-6.61488 -6.61649
-6.61036 -6.6117
-6.60457 -6.60578
-6.59897 -6.60021
-6.59482 -6.5962
-6.5927 -6.59428
-6.59242 -6.59419
-6.59331 -6.59516
-6.5945 -6.59623
-6.59514 -6.59644
-6.59454 -6.59507
-6.59235 -6.59183
-6.58876 -6.58709
-6.58447 -6.58182
-6.58045 -6.57724
-6.57757 -6.57431
-6.57613 -6.5733
-6.57576 -6.57366
-6.57558 -6.57428
-6.5747 -6.57398
-6.57267 -6.57221
-6.56979 -6.56929
-6.56687 -6.56618
-6.56465 -6.56377
-6.56324 -6.56226
-6.56209 -6.56125
-6.56039 -6.55995
-6.55766 -6.55685
-6.55402 -6.5525
-6.55014 -6.54796
-6.54689 -6.54426
-6.54486 -6.54196
-6.54417 -6.54105
-6.5446 -6.54127
-6.54606 -6.54256
-6.56171 -6.56316
-6.57164 -6.57234
-6.57195 -6.57332
-6.5709 -6.57224
-6.56929 -6.56988
-6.56847 -6.56896
-6.5697 -6.56998
-6.57339 -6.57334
-6.5786 -6.57817
-6.58358 -6.58283
-6.5868 -6.58584
-6.58755 -6.58649
-6.58609 -6.58502
-6.58346 -6.58242
-6.58096 -6.57999
-6.57969 -6.57887
-6.58031 -6.57965
-6.583 -6.58243
-6.58758 -6.58711
-6.59341 -6.59332
-6.59945 -6.5995
-6.60447 -6.60436
-6.60749 -6.60714
-6.60828 -6.60776
-6.60761 -6.60709
-6.60688 -6.60654
-6.60721 -6.60715
-6.60884 -6.60902
-6.61131 -6.6116
-6.61403 -6.61429
-6.61663 -6.6168
-6.61904 -6.61908
-6.62124 -6.62115
-6.62317 -6.62307
-6.62465 -6.62498
-6.62551 -6.62609
-6.62575 -6.6262
-6.62557 -6.62578
-6.62535 -6.62526
-6.62548 -6.62508
-6.6262 -6.62553
-6.62753 -6.62668
-6.62928 -6.62835
-6.63115 -6.63018
-6.6328 -6.63186
-6.63404 -6.63313
-6.63478 -6.63389
-6.63504 -6.63405
-6.63482 -6.63368
-6.63419 -6.63301
-6.6333 -6.63224
-6.63246 -6.63154
-6.63197 -6.63118
-6.63208 -6.63137
-6.6328 -6.63216
-6.63392 -6.63332
-6.63504 -6.63447
-6.63575 -6.63523
-6.63579 -6.63537
-6.6352 -6.63498
-6.63426 -6.63426
-6.63338 -6.63351
-6.63295 -6.6331
-6.63322 -6.63333
-6.63414 -6.63426
-6.63546 -6.63567
-6.63671 -6.63708
-6.63742 -6.63796
-6.63722 -6.63786
-6.63598 -6.63663
-6.63389 -6.63445
-6.63131 -6.63177
-6.62869 -6.62911
-6.62642 -6.62693
-6.62479 -6.62552
-6.624 -6.62494
-6.62411 -6.62518
-6.62508 -6.62619
-6.62664 -6.62777
-6.62832 -6.62949
-6.62956 -6.63079
-6.62985 -6.63117
-6.62893 -6.63037
-6.62696 -6.62847
-6.6245 -6.62599
-6.6224 -6.62368
-6.6215 -6.62235
-6.62225 -6.62268
-6.62437 -6.62461
-6.62674 -6.62696
-6.6278 -6.62805
-6.62617 -6.62645
-6.6213 -6.62159
-6.61374 -6.61403
-6.60508 -6.60533
-6.59735 -6.59756
-6.59232 -6.59249
-6.59078 -6.59091
-6.5923 -6.59236
-6.59555 -6.59543
-6.59887 -6.59848
-6.60095 -6.60031
-6.60131 -6.60049
-6.6004 -6.59934
-6.59907 -6.59781
-6.59795 -6.59666
-6.59694 -6.59584
-6.59545 -6.59466
-6.5929 -6.59241
-6.58913 -6.58888
-6.58449 -6.58443
-6.57959 -6.57979
-6.575 -6.57558
-6.57111 -6.57195
-6.56809 -6.56912
-6.56587 -6.56772
-6.56415 -6.56696
-6.5624 -6.56599
-6.55997 -6.56401
-6.55646 -6.56056
-6.55219 -6.55597
-6.54831 -6.55144
-6.54638 -6.54861
-6.54756 -6.54873
-6.55187 -6.55197
-6.55825 -6.55737
-6.56506 -6.56332
-6.57049 -6.56801
-6.57298 -6.5698
-6.57184 -6.56799
-6.56777 -6.56329
-6.56245 -6.55749
-6.55744 -6.55226
-6.55329 -6.54826
-6.54972 -6.54514
-6.54662 -6.54262
-6.54479 -6.54144
-6.5457 -6.54313
-6.5502 -6.54855
-6.5573 -6.55666
-6.56457 -6.56492
-6.56984 -6.57092
-6.5724 -6.57378
-6.57296 -6.57418
-6.57279 -6.57347
-6.57297 -6.57288
-6.57391 -6.57302
-6.57555 -6.57392
-6.57778 -6.57547
-6.58079 -6.57786
-6.58492 -6.58147
-6.59005 -6.58629
-6.59519 -6.59146
-6.59879 -6.59527
-6.59949 -6.59611
-6.59688 -6.59356
-6.59186 -6.58851
-6.58636 -6.58296
-6.5827 -6.57932
-6.5827 -6.57952
-6.58696 -6.58423
-6.5947 -6.59263
-6.60416 -6.6028
-6.61323 -6.61247
-6.62004 -6.61971
-6.62347 -6.62334
-6.62332 -6.62319
-6.62036 -6.61999
-6.61603 -6.6152
-6.61205 -6.61058
-6.60974 -6.6076
-6.60968 -6.60693
-6.61154 -6.60836
-6.61443 -6.61108
-6.61735 -6.61409
-6.6195 -6.61656
-6.62049 -6.61806
-6.6204 -6.6186
-6.61961 -6.61852
-6.61868 -6.6183
-6.61803 -6.61831
-6.6179 -6.61875
-6.61831 -6.6196
-6.61916 -6.62074
-6.6204 -6.6221
-6.62204 -6.62365
-6.62414 -6.62548
-6.62671 -6.62764
-6.62963 -6.63007
-6.63256 -6.63255
-6.63511 -6.63473
-6.63692 -6.63627
-6.63782 -6.63693
-6.63781 -6.6367
-6.63705 -6.6357
-6.63579 -6.63423
-6.63439 -6.63267
-6.63324 -6.63146
-6.63266 -6.63094
-6.63268 -6.63116
-6.63302 -6.63185
-6.63334 -6.63261
-6.63339 -6.63315
-6.63307 -6.63331
-6.63237 -6.63303
-6.6313 -6.63225
-6.62992 -6.63102
-6.62842 -6.62953
-6.62711 -6.62811
-6.62635 -6.62716
-6.62637 -6.62691
-6.62711 -6.62731
-6.62814 -6.62801
-6.62888 -6.62849
-6.62881 -6.6283
-6.6277 -6.62723
-6.62574 -6.62544
-6.62351 -6.6235
-6.62174 -6.62209
-6.62096 -6.62172
-6.6212 -6.62237
-6.62192 -6.62351
-6.62233 -6.62428
-6.62175 -6.62395
-6.61979 -6.62213
-6.61654 -6.61896
-6.61249 -6.61496
-6.60847 -6.611
-6.60552 -6.60806
-6.60448 -6.60696
-6.60552 -6.60787
-6.60791 -6.61
-6.61034 -6.61205
-6.61152 -6.6128
-6.61082 -6.61173
-6.60859 -6.60919
-6.60603 -6.60639
-6.60457 -6.60471
-6.605 -6.60492
-6.60689 -6.60659
-6.60876 -6.60822
-6.60887 -6.60802
-6.60619 -6.60488
-6.60081 -6.59894
-6.59391 -6.59158
-6.58727 -6.58474
-6.58244 -6.5801
-6.57983 -6.57822
-6.57856 -6.57812
-6.57708 -6.57747
-6.57423 -6.57505
-6.56988 -6.57082
-6.56492 -6.56571
-6.56074 -6.56123
-6.55859 -6.55881
-6.55902 -6.55907
-6.56161 -6.56157
-6.56528 -6.56503
-6.56883 -6.56808
-6.57124 -6.56964
-6.57181 -6.56912
-6.57036 -6.5665
-6.56759 -6.56271
-6.56486 -6.55941
-6.56363 -6.55821
-6.56471 -6.5598
-6.56768 -6.56355
-6.57127 -6.56801
-6.57448 -6.57193
-6.57697 -6.57483
-6.57844 -6.57653
-6.57831 -6.5766
-6.57629 -6.57482
-6.57301 -6.57176
-6.56973 -6.56863
-6.56757 -6.56656
-6.56707 -6.56614
-6.56808 -6.56734
-6.57 -6.56956
-6.5721 -6.57197
-6.57393 -6.57387
-6.57548 -6.57529
-6.57704 -6.57672
-6.57879 -6.57841
-6.58054 -6.5802
-6.58171 -6.58156
-6.58174 -6.58176
-6.58048 -6.58053
-6.57826 -6.57818
-6.57589 -6.57544
-6.5744 -6.57367
-6.57476 -6.5741
-6.57746 -6.57706
-6.58235 -6.58229
-6.58859 -6.58891
-6.59482 -6.59554
-6.59967 -6.60074
-6.60227 -6.6036
-6.60263 -6.60413
-6.6015 -6.60309
-6.59989 -6.60148
-6.59862 -6.60003
-6.59832 -6.59941
-6.59954 -6.60057
-6.60255 -6.6037
-6.60714 -6.60836
-6.61248 -6.61358
-6.61737 -6.6181
-6.62074 -6.62081
-6.62203 -6.62126
-6.62143 -6.61981
-6.61979 -6.61746
-6.61828 -6.61553
-6.61798 -6.61518
-6.61947 -6.61695
-6.62261 -6.62057
-6.62655 -6.62506
-6.63015 -6.62914
-6.63245 -6.63179
-6.6331 -6.63263
-6.6324 -6.63201
-6.63111 -6.63074
-6.62997 -6.62964
-6.62942 -6.62919
-6.6295 -6.62942
-6.63002 -6.63009
-6.63074 -6.63094
-6.63145 -6.63176
-6.63191 -6.63231
-6.63179 -6.63225
-6.63077 -6.63123
-6.62867 -6.62907
-6.62578 -6.62606
-6.62283 -6.62296
-6.62076 -6.62079
-6.62037 -6.62038
-6.62185 -6.62196
-6.62476 -6.62508
-6.62814 -6.62874
-6.63095 -6.63184
-6.63241 -6.63358
-6.63227 -6.63373
-6.63087 -6.63267
-6.62893 -6.63115
-6.62718 -6.62997
-6.62609 -6.62953
-6.62571 -6.6298
-6.6257 -6.63031
-6.62562 -6.63048
-6.62523 -6.62999
-6.6247 -6.62904
-6.62445 -6.62811
-6.62466 -6.62752
-6.62508 -6.62721
-6.62523 -6.62679
-6.62464 -6.62573
-6.62308 -6.62374
-6.62084 -6.62108
-6.61876 -6.61861
-6.61776 -6.6173
-6.61821 -6.61754
-6.61971 -6.61895
-6.62138 -6.62061
-6.62245 -6.62172
-6.62258 -6.62192
-6.62188 -6.62127
-6.62062 -6.62007
-6.61896 -6.61849
-6.61693 -6.61657
-6.61442 -6.61422
-6.61143 -6.61154
-6.60815 -6.60868
-6.60502 -6.60572
-6.6026 -6.60313
-6.60127 -6.60149
-6.60097 -6.60086
-6.6011 -6.60075
-6.60071 -6.60025
-6.59897 -6.59854
-6.59568 -6.59535
-6.59138 -6.59113
-6.58714 -6.58693
-6.58414 -6.58395
-6.58324 -6.58304
-6.58449 -6.58422
-6.58691 -6.58655
-6.58884 -6.58841
-6.58868 -6.5882
-6.58558 -6.58505
-6.57983 -6.57921
-6.57293 -6.57224
-6.56719 -6.56638
-6.56447 -6.5635
-6.5651 -6.56393
-6.56782 -6.56648
-6.57082 -6.56933
-6.5728 -6.57112
-6.57328 -6.5714
-6.57233 -6.57041
-6.57025 -6.56861
-6.56758 -6.56641
-6.56504 -6.56447
-6.56348 -6.56376
-6.56341 -6.56507
-6.56478 -6.56757
-6.56695 -6.57059
-6.56901 -6.57335
-6.57002 -6.57452
-6.56935 -6.57324
-6.56704 -6.5697
-6.56394 -6.56498
-6.56149 -6.56089
-6.56088 -6.55906
-6.56231 -6.55997
-6.56499 -6.56274
-6.56773 -6.56587
-6.56968 -6.56825
-6.57055 -6.56961
-6.57064 -6.57031
-6.57058 -6.57098
-6.57107 -6.57206
-6.57257 -6.5735
-6.57519 -6.57508
-6.57867 -6.57805
-6.58259 -6.58172
-6.58649 -6.58521
-6.58986 -6.5881
-6.59237 -6.59023
-6.59403 -6.59176
-6.59513 -6.59297
-6.59583 -6.59394
-6.596 -6.59446
-6.59547 -6.59426
-6.59432 -6.59328
-6.59302 -6.59192
-6.59241 -6.5912
-6.59343 -6.59212
-6.59659 -6.59502
-6.60148 -6.59976
-6.60699 -6.60537
-6.61187 -6.6106
-6.61525 -6.61456
-6.61689 -6.617
-6.61711 -6.61815
-6.61653 -6.61836
-6.61581 -6.61811
-6.61537 -6.61789
-6.61535 -6.61793
-6.61574 -6.6182
-6.61658 -6.61875
-6.61797 -6.61973
-6.61986 -6.62115
-6.62197 -6.62279
-6.62385 -6.62438
-6.62505 -6.62555
-6.62533 -6.62596
-6.62482 -6.62562
-6.62404 -6.62499
-6.62366 -6.62471
-6.62404 -6.62518
-6.62506 -6.62628
-6.62622 -6.62748
-6.62704 -6.62827
-6.62736 -6.62851
-6.62734 -6.6284
-6.62731 -6.62834
-6.62749 -6.62858
-6.62793 -6.62912
-6.62852 -6.62982
-6.62909 -6.63046
-6.6295 -6.63089
-6.62965 -6.631
-6.62946 -6.63072
-6.62892 -6.63005
-6.62817 -6.62915
-6.62751 -6.62834
-6.62726 -6.62796
-6.62757 -6.6282
-6.62822 -6.62888
-6.62881 -6.62956
-6.62896 -6.62987
-6.62857 -6.62968
-6.62789 -6.62924
-6.62734 -6.62897
-6.62726 -6.62922
-6.62775 -6.63004
-6.62868 -6.63118
-6.62971 -6.63224
-6.63049 -6.63286
-6.63078 -6.63283
-6.63046 -6.63206
-6.62948 -6.63053
-6.62782 -6.62838
-6.62564 -6.62596
-6.62332 -6.62353
-6.62143 -6.62148
-6.62047 -6.62041
-6.62056 -6.62052
-6.62143 -6.6215
-6.6225 -6.62272
-6.6231 -6.62347
-6.62268 -6.62313
-6.62086 -6.62131
-6.61764 -6.61789
-6.61338 -6.6132
-6.60873 -6.60823
-6.60447 -6.60385
-6.60126 -6.60052
-6.59954 -6.59856
-6.59935 -6.59801
-6.60041 -6.59861
-6.60216 -6.59991
-6.60387 -6.60125
-6.60463 -6.60177
-6.60368 -6.60066
-6.60073 -6.59761
-6.59633 -6.59316
-6.59184 -6.58867
-6.58882 -6.58572
-6.58835 -6.58542
-6.59053 -6.5879
-6.59439 -6.59228
-6.59821 -6.5967
-6.6001 -6.59878
-6.59871 -6.59717
-6.59373 -6.59185
-6.58604 -6.58397
-6.5775 -6.57555
-6.57016 -6.56865
-6.56547 -6.5645
-6.56356 -6.56303
-6.56339 -6.56328
-6.56352 -6.56366
-6.56307 -6.56302
-6.56228 -6.56174
-6.56233 -6.56112
-6.56388 -6.56201
-6.56617 -6.56384
-6.56759 -6.5651
-6.56717 -6.56475
-6.56517 -6.56279
-6.56273 -6.56031
-6.56114 -6.5587
-6.56133 -6.55879
-6.56358 -6.5607
-6.56753 -6.56451
-6.57243 -6.5699
-6.57722 -6.57554
-6.58042 -6.57971
-6.58044 -6.58062
-6.57665 -6.57744
-6.57017 -6.57128
-6.56314 -6.56438
-6.55739 -6.55868
-6.55415 -6.55544
-6.55433 -6.55555
-6.55825 -6.5592
-6.56512 -6.56553
-6.57298 -6.57275
-6.57961 -6.57886
-6.58357 -6.58259
-6.58476 -6.58387
-6.58415 -6.58354
-6.58302 -6.58271
-6.58234 -6.58209
-6.58251 -6.58201
-6.58376 -6.58282
-6.58647 -6.58516
-6.59119 -6.58969
-6.59777 -6.59625
-6.60482 -6.60344
-6.61027 -6.60918
-6.61247 -6.61175
-6.61088 -6.61052
-6.60623 -6.60617
-6.60031 -6.6005
-6.59548 -6.59591
-6.59386 -6.59457
-6.59646 -6.59749
-6.60256 -6.60396
-6.61002 -6.61169
-6.61616 -6.61787
-6.61895 -6.62043
-6.61784 -6.61893
-6.6139 -6.61466
-6.60924 -6.60993
-6.60596 -6.60668
-6.60518 -6.60593
-6.60688 -6.60771
-6.61033 -6.6113
-6.61451 -6.61562
-6.61849 -6.61974
-6.62159 -6.62299
-6.6234 -6.62498
-6.62383 -6.62554
-6.62309 -6.62482
-6.62174 -6.62338
-6.62056 -6.62201
-6.62033 -6.62154
-6.62154 -6.62251
-6.62416 -6.62496
-6.62774 -6.62851
-6.63156 -6.63243
-6.63483 -6.63587
-6.63687 -6.63806
-6.63724 -6.63846
-6.63592 -6.637
-6.63335 -6.6342
-6.63051 -6.63113
-6.62858 -6.62907
-6.62847 -6.62893
-6.6302 -6.63073
-6.63289 -6.63355
-6.63524 -6.63601
-6.63617 -6.63698
-6.63528 -6.63602
-6.63294 -6.63353
-6.63005 -6.63045
-6.62759 -6.62785
-6.62627 -6.6264
-6.62619 -6.62623
-6.62706 -6.62697
-6.62837 -6.62812
-6.62966 -6.62919
-6.63055 -6.62979
-6.63076 -6.62966
-6.63022 -6.62878
-6.62917 -6.62746
-6.62809 -6.62626
-6.62744 -6.62572
-6.62731 -6.62589
-6.62735 -6.6263
-6.62699 -6.62633
-6.6258 -6.62554
-6.62366 -6.62377
-6.62078 -6.62115
-6.6175 -6.61796
-6.61421 -6.61462
-6.61132 -6.61162
-6.60916 -6.60941
-6.60799 -6.60829
-6.6079 -6.6082
-6.60882 -6.60878
-6.6105 -6.61055
-6.61251 -6.61284
-6.61422 -6.61468
-6.61492 -6.61535
-6.61408 -6.6144
-6.61175 -6.61198
-6.60869 -6.60887
-6.60598 -6.60613
-6.60431 -6.60441
-6.60352 -6.60357
-6.60297 -6.60297
-6.60201 -6.60206
-6.60024 -6.60054
-6.59751 -6.5983
-6.59384 -6.59525
-6.58949 -6.59155
-6.58482 -6.58754
-6.58022 -6.5836
-6.57607 -6.58005
-6.57275 -6.57694
-6.57054 -6.57445
-6.56945 -6.57282
-6.5692 -6.57195
-6.56922 -6.57141
-6.5689 -6.5706
-6.56778 -6.56908
-6.5657 -6.56678
-6.56281 -6.56403
-6.5596 -6.5613
-6.55678 -6.55908
-6.55507 -6.55789
-6.55491 -6.55806
-6.55653 -6.55962
-6.55999 -6.5626
-6.56497 -6.56689
-6.57055 -6.57172
-6.57533 -6.57577
-6.57809 -6.57788
-6.57833 -6.57764
-6.5763 -6.57542
-6.57274 -6.57198
-6.56864 -6.56815
-6.56522 -6.56488
-6.56377 -6.5633
-6.56522 -6.56421
-6.56949 -6.56822
-6.57525 -6.57402
-6.58054 -6.57938
-6.58356 -6.58249
-6.58337 -6.58235
-6.57999 -6.57898
-6.5743 -6.57327
-6.56781 -6.56664
-6.56247 -6.56091
-6.5602 -6.55802
-6.56223 -6.55944
-6.56839 -6.5652
-6.57705 -6.57372
-6.58596 -6.58274
-6.59329 -6.59045
-6.59805 -6.59581
-6.59986 -6.59809
-6.59879 -6.59739
-6.59553 -6.5945
-6.5913 -6.59069
-6.58764 -6.58743
-6.58595 -6.58604
-6.58711 -6.58734
-6.59103 -6.59124
-6.59665 -6.59676
-6.60236 -6.60237
-6.6068 -6.60672
-6.60941 -6.60921
-6.61035 -6.61007
-6.61026 -6.60999
-6.60992 -6.60979
-6.61007 -6.61018
-6.61122 -6.6116
-6.61352 -6.61416
-6.61666 -6.6175
-6.6199 -6.62091
-6.62242 -6.62358
-6.6236 -6.62493
-6.62339 -6.62487
-6.62228 -6.62393
-6.62109 -6.62297
-6.62052 -6.62272
-6.62071 -6.62331
-6.62139 -6.6243
-6.62212 -6.62517
-6.62269 -6.62563
-6.62313 -6.62576
-6.62367 -6.62588
-6.62455 -6.62632
-6.62586 -6.6272
-6.62747 -6.62842
-6.62904 -6.62963
-6.63022 -6.63046
-6.6308 -6.63073
-6.6308 -6.63046
-6.6304 -6.62987
-6.62983 -6.62922
-6.62928 -6.62877
-6.62885 -6.62866
-6.62861 -6.62893
-6.6286 -6.62945
-6.62884 -6.6301
-6.62922 -6.63078
-6.6296 -6.6313
-6.62981 -6.63151
-6.6298 -6.6314
-6.62968 -6.63111
-6.62964 -6.63084
-6.6299 -6.63079
-6.63051 -6.631
-6.63139 -6.63141
-6.63234 -6.63195
-6.63315 -6.63242
-6.63363 -6.63261
-6.63372 -6.63242
-6.63342 -6.63191
-6.6328 -6.6312
-6.63187 -6.63031
-6.63055 -6.62919
-6.62878 -6.62773
-6.62658 -6.62589
-6.62415 -6.6238
-6.6218 -6.62173
-6.61988 -6.61998
-6.61855 -6.61872
-6.61778 -6.61793
-6.61746 -6.61751
-6.61751 -6.61738
-6.61789 -6.61755
-6.61848 -6.61794
-6.61903 -6.61834
-6.61917 -6.61837
-6.61855 -6.61767
-6.61707 -6.6161
-6.61492 -6.61376
-6.6124 -6.61095
-6.60981 -6.60803
-6.60738 -6.6056
-6.60521 -6.60412
-6.60326 -6.60256
-6.6013 -6.6009
-6.59903 -6.59895
-6.5963 -6.59653
-6.59333 -6.59389
-6.59065 -6.59164
-6.58883 -6.59037
-6.58809 -6.59017
-6.58812 -6.59069
-6.58823 -6.59119
-6.58766 -6.59096
-6.58606 -6.58965
-6.58365 -6.58746
-6.58113 -6.585
-6.57924 -6.58279
-6.57841 -6.58105
-6.57859 -6.58028
-6.57926 -6.57997
-6.5796 -6.57912
-6.57883 -6.57728
-6.57683 -6.57439
-6.57434 -6.57088
-6.57254 -6.56793
-6.57226 -6.56665
-6.57305 -6.55734
-6.56972 -6.56567
-6.56464 -6.56226
-6.55915 -6.55865
-6.55452 -6.55579
-6.55163 -6.55422
-6.55089 -6.5542
-6.55226 -6.55572
-6.55515 -6.55839
-6.55854 -6.56148
-6.56142 -6.56423
-6.5632 -6.56625
-6.56384 -6.56749
-6.56377 -6.56793
-6.5636 -6.56781
-6.56395 -6.56782
-6.56537 -6.56866
-6.56812 -6.57068
-6.57195 -6.57363
-6.57605 -6.57668
-6.57941 -6.57883
-6.5813 -6.57954
-6.58172 -6.57957
-6.58147 -6.57961
-6.58178 -6.58055
-6.58354 -6.58309
-6.58678 -6.58703
-6.59068 -6.59133
-6.59406 -6.59473
-6.59616 -6.59649
-6.59692 -6.59669
-6.59681 -6.5959
-6.59642 -6.59484
-6.59628 -6.59423
-6.59681 -6.59462
-6.59802 -6.59608
-6.59947 -6.59807
-6.60058 -6.59981
-6.60107 -6.60084
-6.60123 -6.60136
-6.60174 -6.60202
-6.60319 -6.60345
-6.60579 -6.6059
-6.60934 -6.60924
-6.61337 -6.61307
-6.61723 -6.61679
-6.62022 -6.61977
-6.62193 -6.62165
-6.62239 -6.62248
-6.62204 -6.6226
-6.62139 -6.62246
-6.62086 -6.62233
-6.6207 -6.62242
-6.6211 -6.62295
-6.62212 -6.62402
-6.62366 -6.62554
-6.62546 -6.62728
-6.62718 -6.62898
-6.62853 -6.63032
-6.62918 -6.631
-6.62891 -6.63075
-6.62774 -6.62958
-6.62608 -6.62786
-6.62464 -6.62628
-6.62417 -6.62556
-6.62505 -6.62605
-6.62711 -6.62768
-6.62961 -6.62994
-6.63161 -6.63191
-6.63239 -6.63276
-6.63178 -6.6322
-6.63014 -6.63055
-6.62811 -6.62844
-6.62635 -6.62658
-6.62536 -6.62551
-6.62545 -6.6256
-6.62673 -6.62698
-6.62895 -6.62939
-6.63142 -6.63211
-6.63312 -6.63406
-6.63325 -6.63436
-6.63167 -6.63284
-6.62907 -6.63017
-6.62657 -6.62752
-6.62519 -6.62595
-6.62543 -6.626
-6.62718 -6.62755
-6.62983 -6.63
-6.63252 -6.63251
-6.63436 -6.63425
-6.63469 -6.63462
-6.63318 -6.63332
-6.63 -6.63042
-6.62578 -6.62648
-6.62136 -6.62237
-6.61756 -6.61893
-6.61485 -6.6166
-6.61334 -6.61532
-6.61286 -6.61478
-6.61319 -6.61474
-6.6141 -6.61508
-6.61524 -6.61569
-6.61617 -6.61625
-6.61636 -6.61627
-6.6154 -6.61523
-6.61308 -6.61281
-6.60948 -6.60907
-6.60497 -6.60436
-6.60016 -6.59931
-6.59591 -6.59481
-6.59315 -6.59187
